Start testing: Sep 25 01:11 Hora oficial do Brasil
----------------------------------------------------------
1/3 Testing: ble_midi_parser
1/3 Test: ble_midi_parser
Command: "C:/progs/ESPan/build-host-m5b/test_ble_midi_parser.exe"
Directory: C:/progs/ESPan/build-host-m5b
"ble_midi_parser" start time: Sep 25 01:11 Hora oficial do Brasil
Output:
----------------------------------------------------------
=========================================
  Pocket Pan: BLE MIDI Parser Test Suite 
=========================================
[TEST] BLE MIDI Parser: Single Note On...
  PASSED: NoteOn D4 vel 100 with 13-bit timestamp 1316
[TEST] BLE MIDI Parser: NoteOn with velocity 0 as NoteOff...
  PASSED: Velocity 0 converted to NoteOff
[TEST] BLE MIDI Parser: NoteOn + NoteOff in same packet...
  PASSED: Both messages dispatched with respective timestamps
[TEST] BLE MIDI Parser: Poly Pressure & Channel Pressure...
  PASSED: PolyPressure and ChannelPressure distinguished and parsed
[TEST] BLE MIDI Parser: Running Status...
  PASSED: Running status decoded under BLE timestamp prefixes
[TEST] BLE MIDI Parser: Interleaved System Real-Time (0xF8)...
  PASSED: 0xF8 clock dispatched without interrupting NoteOn
[TEST] BLE MIDI Parser: Truncated and Invalid Packet Recovery...
  PASSED: Clean recovery from invalid/truncated packets

All BLE MIDI Parser Tests Passed Successfully!
<end of output>
Test time =   0.08 sec
----------------------------------------------------------
Test Passed.
"ble_midi_parser" end time: Sep 25 01:11 Hora oficial do Brasil
"ble_midi_parser" time elapsed: 00:00:00
----------------------------------------------------------

2/3 Testing: dsp
2/3 Test: dsp
Command: "C:/progs/ESPan/build-host-m5b/test_dsp.exe"
Directory: C:/progs/ESPan/build-host-m5b
"dsp" start time: Sep 25 01:11 Hora oficial do Brasil
Output:
----------------------------------------------------------
=======================================================
  Pocket Pan / Metal Modal Synth - Comprehensive DSP  
=======================================================

[Test 0] Diagnostic tone source routing and level...
  -> PASSED!
[Test 0b] Diagnostic oscillator 30-second stability...
  -> PASSED!
[Test 1] Modal Resonator Frequency Accuracy...
  Target: 440 Hz | Measured: 439 Hz | Error: 1 Hz
  -> PASSED!
[Test 2] Modal Resonator T60 Decay Envelope...
  Peak Initial Amp = 0.992419 | Amp at t=0.5s = 0.00102411 | Ratio = 0.00103194 (target ~0.001)
  -> PASSED!
[Test 3] Mode Splitting (Beating Doublet Verification)...
  Mode 0: ratio=1, detune=0 -> 146.832 Hz
  Mode 1: ratio=1, detune=0.0032 -> 147.302 Hz
  Beat frequency: 0.469879 Hz
  -> PASSED: Mode split detune applied exactly once, producing natural sub-0.5 Hz D3 beating!
[Test 4] Same-Note Restrike (Physical Energy Accumulation)...
  Voice A Energy before restrike: 0.00564268
  Voice A Energy after physical restrike: 0.734033
  Voice B Energy after hard kill & retrigger: 0.354202
  -> PASSED: Same-note restrike preserves acoustic vibration (behavior differs from hard reset)!
[Test 5] Declicked Voice Stealing Stress (9+ Notes)...
  Boundary sample delta at steal point: 0.0349625
  -> PASSED: Declicked voice stealing handled 16-note burst without clicks or instability!
[Test 5b] Inactive trigger clears stale residual...
  -> PASSED!
[Test 6] Multi-Voice Independent Damping (Poly Pressure)...
  Choked note 62 energy: 0 | Open note 69 energy: 0.00877361
  -> PASSED: Damping is strictly independent per voice!
[Test 7] Modal Gain Normalization across Frequencies & T60...
  f =   65.4 Hz | Peak(T60=0.1s): 0.779815 | Peak(T60=5.0s): 0.994568 | Ratio: 1.27539
  f =  130.8 Hz | Peak(T60=0.1s): 0.880737 | Peak(T60=5.0s): 0.997368 | Ratio: 1.13242
  f = 293.66 Hz | Peak(T60=0.1s): 0.944895 | Peak(T60=5.0s): 0.998812 | Ratio: 1.05706
  f =    880 Hz | Peak(T60=0.1s): 0.980602 | Peak(T60=5.0s): 0.998793 | Ratio: 1.01855
  f =   2500 Hz | Peak(T60=0.1s): 0.992131 | Peak(T60=5.0s): 0.999338 | Ratio: 1.00726
  -> PASSED: Modal normalization is rock-solid across frequencies and T60!
[Test 8] Velocity Dynamic Calibration (20, 50, 80, 110, 127)...

  Vel |   Peak   |   RMS    | CrestFac | Limiter Hits
  ----+----------+----------+----------+-------------
   10 |   0.1357 |   0.0269 |   5.0392 |            0
   20 |   0.1703 |   0.0338 |   5.0367 |            0
   40 |   0.2590 |   0.0508 |   5.0972 |            0
   64 |   0.4039 |   0.0763 |   5.2941 |            0
   90 |   0.6149 |   0.1110 |   5.5408 |            0
  110 |   0.8120 |   0.1418 |   5.7264 |            0
  127 |   0.9441 |   0.1661 |   5.6851 |        47494
  -> PASSED: Dynamic velocity range is expressive and controlled!
[Test 9] PAN spectral/restrike/DC sanity...
  spectral f=0.0299 2f=0.0130 3f=0.0046 high=0.0000 | restrike RMS 100ms=0.1450 250ms=0.1315 roll=0.3913
[Test 9b] M5B velocity/modal/register audit...
  [WAV] Exported: pan_D3_v30_new.wav (96000 frames)
  [WAV] Exported: pan_D3_v70_new.wav (96000 frames)
  [WAV] Exported: pan_D3_v110_new.wav (96000 frames)
  [WAV] Exported: pan_register_D3.wav (96000 frames)
  [WAV] Exported: pan_register_A3.wav (96000 frames)
  [WAV] Exported: pan_register_D4.wav (96000 frames)
  [WAV] Exported: pan_register_A4.wav (96000 frames)
  -> PASSED: modal brightness ratios rise monotonically.
[Test 9c] PAN doublet relative/fixed A/B...
  [WAV] Exported: pan_doublet_D3_relative.wav (192000 frames)
  [WAV] Exported: pan_doublet_D3_fixed.wav (192000 frames)
  [WAV] Exported: pan_doublet_A3_relative.wav (192000 frames)
  [WAV] Exported: pan_doublet_A3_fixed.wav (192000 frames)
  [WAV] Exported: pan_doublet_D4_relative.wav (192000 frames)
  [WAV] Exported: pan_doublet_D4_fixed.wav (192000 frames)
  [WAV] Exported: pan_doublet_A4_relative.wav (192000 frames)
  [WAV] Exported: pan_doublet_A4_fixed.wav (192000 frames)
  -> PASSED: A/B WAVs and calculated beat rates generated.
[Test 10] Internal saturation A/B audit...

[Test 9] Generating scheduled WAV regression fixtures...
  [WAV] Exported: pan_D3_vel40.wav (144000 frames)
pan_D3_vel40.wav peak=0.3452 rms=0.0375 crest=9.2017 limiter=0 modalSat=0
  [WAV] Exported: pan_D3_vel90.wav (144000 frames)
pan_D3_vel90.wav peak=0.7039 rms=0.0728 crest=9.6707 limiter=0 modalSat=0
  [WAV] Exported: pan_D3_vel127.wav (144000 frames)
pan_D3_vel127.wav peak=0.9441 rms=0.1014 crest=9.3102 limiter=143723 modalSat=0
  [WAV] Exported: pan_D3_single.wav (144000 frames)
pan_D3_single.wav peak=0.7039 rms=0.0728 crest=9.6707 limiter=0 modalSat=0
  [WAV] Exported: pan_D3_double_100ms.wav (168000 frames)
pan_D3_double_100ms.wav peak=0.9441 rms=0.1096 crest=8.6138 limiter=163082 modalSat=0
  [WAV] Exported: pan_D3_double_250ms.wav (168000 frames)
pan_D3_double_250ms.wav peak=0.8744 rms=0.0994 crest=8.7952 limiter=0 modalSat=0
  [WAV] Exported: pan_D3_triple.wav (168000 frames)
pan_D3_triple.wav peak=0.8744 rms=0.1136 crest=7.6987 limiter=0 modalSat=0
  [WAV] Exported: pan_D3_roll.wav (96000 frames)
pan_D3_roll.wav peak=0.9441 rms=0.3913 crest=2.4129 limiter=88670 modalSat=0
  [WAV] Exported: pan_chord.wav (192000 frames)
pan_chord.wav peak=0.9441 rms=0.0661 crest=14.2862 limiter=191994 modalSat=0
  [WAV] Exported: pan_cluster8.wav (192000 frames)
pan_cluster8.wav peak=0.9441 rms=0.0958 crest=9.8524 limiter=191997 modalSat=0
[Test 11] Lookahead peak limiter transparency, ceiling, and release...
  -> PASSED: linear below threshold; ceiling and release verified.
[Test 12] Output-stage A/B/C and static master-gain audit...
  [WAV] Exported: pan_chord_old.wav (192000 frames)
  [WAV] Exported: pan_chord_new.wav (192000 frames)
  [WAV] Exported: pan_cluster8_old.wav (192000 frames)
  [WAV] Exported: pan_cluster8_new.wav (192000 frames)
  [WAV] Exported: pan_roll_old.wav (96000 frames)
  [WAV] Exported: pan_roll_new.wav (96000 frames)
  -> PASSED: transparent limiter and reduced-master reference rendered.
[Test 13] M5C global body, sympathetic bus, and stability...
  [WAV] Exported: pan_m5c_D3_dry.wav (96000 frames)
  [WAV] Exported: pan_m5c_D3_body.wav (96000 frames)
  [WAV] Exported: pan_m5c_D3_sympathetic.wav (96000 frames)
  [WAV] Exported: pan_m5c_D3_full.wav (96000 frames)
  [WAV] Exported: pan_m5c_interval_dry.wav (96000 frames)
  [WAV] Exported: pan_m5c_interval_full.wav (96000 frames)
  [WAV] Exported: pan_m5c_chord_dry.wav (96000 frames)
  [WAV] Exported: pan_m5c_chord_full.wav (96000 frames)
  [WAV] Exported: pan_m5c_roll_dry.wav (96000 frames)
  [WAV] Exported: pan_m5c_roll_full.wav (96000 frames)
  -> PASSED: M5C A/B artifacts, global fixed-Hz body and delayed bus remain stable.

=======================================================
  ALL DSP AND ACOUSTIC TESTS PASSED SUCCESSFULLY!     
=======================================================
<end of output>
Test time =   0.86 sec
----------------------------------------------------------
Test Passed.
"dsp" end time: Sep 25 01:11 Hora oficial do Brasil
"dsp" time elapsed: 00:00:00
----------------------------------------------------------

3/3 Testing: telemetry
3/3 Test: telemetry
Command: "C:/progs/ESPan/build-host-m5b/test_telemetry.exe"
Directory: C:/progs/ESPan/build-host-m5b
"telemetry" start time: Sep 25 01:11 Hora oficial do Brasil
Output:
----------------------------------------------------------
<end of output>
Test time =   0.10 sec
----------------------------------------------------------
Test Passed.
"telemetry" end time: Sep 25 01:11 Hora oficial do Brasil
"telemetry" time elapsed: 00:00:00
----------------------------------------------------------

End testing: Sep 25 01:11 Hora oficial do Brasil
